<?xml version="1.0" encoding="UTF-8"?><testsuite errors="1" failures="0" name="Añadir nueva unidad de negocio" skipped="0" tests="1" time="0.26" timestamp="2022-10-04 10:16:11"><testcase name="Agregar nueva unidad de negocio"><error message="No stage available - it looks like you haven't called the setTheStage() method before calling this one." type="net.serenitybdd.screenplay.actors.NoStageException">No stage available - it looks like you haven't called the setTheStage() method before calling this one.</error><system-err>No stage available - it looks like you haven't called the setTheStage() method before calling this one.
com.choucair.stepdefinitions.BusinessUnitStepdefinitions.deseaNavegarAlaPagina(BusinessUnitStepdefinitions.java:17)
✽."Actor" Desea navegar a la pagina "https://serenity.is/demo/"(file:///Users/santiagorenteriamontoya/Desktop/DWFS/QA/Choucair/PruebaChoucair/src/test/resources/com.choucair/features/business_unit.feature:9)
</system-err></testcase></testsuite>